#-----------------------------------------------------------
# Webtalk v2019.1 (64-bit)
# SW Build 2552052 on Fri May 24 14:49:42 MDT 2019
# 
# Start of session at: Wed May  3 17:05:43 2023
# Process ID: 8760
# Current directory: D:/GITEA/GitHub/ES/Artix_7A50T/Artix_7A50T.sdk/webtalk
# Command line: wbtcv.exe -mode batch -source sdk_webtalk.tcl
# Log file: D:/GITEA/GitHub/ES/Artix_7A50T/Artix_7A50T.sdk/webtalk/webtalk.log
# Journal file: D:/GITEA/GitHub/ES/Artix_7A50T/Artix_7A50T.sdk/webtalk\webtalk.jou
#-----------------------------------------------------------
source sdk_webtalk.tcl
# webtalk_init -webtalk_dir D:\\GITEA\\GitHub\\ES\\Artix_7A50T\\Artix_7A50T.sdk\\webtalk
# webtalk_register_client -client project
# webtalk_add_data -client project -key date_generated -value "2023-05-03 17:05:41" -context "software_version_and_target_device"
# webtalk_add_data -client project -key product_version -value "SDK v2019.1" -context "software_version_and_target_device"
# webtalk_add_data -client project -key build_version -value "2019.1" -context "software_version_and_target_device"
# webtalk_add_data -client project -key os_platform -value "amd64" -context "software_version_and_target_device"
# webtalk_add_data -client project -key registration_id -value "211832933_0_0_177" -context "software_version_and_target_device"
# webtalk_add_data -client project -key tool_flow -value "SDK" -context "software_version_and_target_device"
# webtalk_add_data -client project -key beta -value "false" -context "software_version_and_target_device"
# webtalk_add_data -client project -key route_design -value "NA" -context "software_version_and_target_device"
# webtalk_add_data -client project -key target_family -value "NA" -context "software_version_and_target_device"
# webtalk_add_data -client project -key target_device -value "NA" -context "software_version_and_target_device"
# webtalk_add_data -client project -key target_package -value "NA" -context "software_version_and_target_device"
# webtalk_add_data -client project -key target_speed -value "NA" -context "software_version_and_target_device"
# webtalk_add_data -client project -key random_id -value "bb65aoij0fm172gsi7dsih5an1" -context "software_version_and_target_device"
# webtalk_add_data -client project -key project_id -value "2019.1_33" -context "software_version_and_target_device"
# webtalk_add_data -client project -key project_iteration -value "33" -context "software_version_and_target_device"
# webtalk_add_data -client project -key os_name -value "Microsoft Windows 8 or later , 64-bit" -context "user_environment"
# webtalk_add_data -client project -key os_release -value "major release  (build 9200)" -context "user_environment"
# webtalk_add_data -client project -key cpu_name -value "Intel(R) Core(TM) i7-6700 CPU @ 3.40GHz" -context "user_environment"
# webtalk_add_data -client project -key cpu_speed -value "3408 MHz" -context "user_environment"
# webtalk_add_data -client project -key total_processors -value "1" -context "user_environment"
# webtalk_add_data -client project -key system_ram -value "34.314 GB" -context "user_environment"
# webtalk_register_client -client sdk
# webtalk_add_data -client sdk -key uid -value "1683114819167" -context "sdk\\\\application/1683114819167"
# webtalk_add_data -client sdk -key hwid -value "1678298561411" -context "sdk\\\\application/1683114819167"
# webtalk_add_data -client sdk -key bspid -value "1678300316885" -context "sdk\\\\application/1683114819167"
# webtalk_add_data -client sdk -key newbsp -value "false" -context "sdk\\\\application/1683114819167"
# webtalk_add_data -client sdk -key os -value "standalone" -context "sdk\\\\application/1683114819167"
# webtalk_add_data -client sdk -key apptemplate -value "peripheral_tests" -context "sdk\\\\application/1683114819167"
# webtalk_add_data -client sdk -key RecordType -value "APPCreation" -context "sdk\\\\application/1683114819167"
# webtalk_add_data -client sdk -key LangUsed -value "C" -context "sdk\\\\application/1683114819167"
# webtalk_add_data -client sdk -key Procused -value "microblaze" -context "sdk\\\\application/1683114819167"
# webtalk_add_data -client sdk -key uid -value "NA" -context "sdk\\\\bsp/1683122741164"
# webtalk_add_data -client sdk -key RecordType -value "ToolUsage" -context "sdk\\\\bsp/1683122741164"
# webtalk_add_data -client sdk -key BootgenCount -value "0" -context "sdk\\\\bsp/1683122741164"
# webtalk_add_data -client sdk -key DebugCount -value "20" -context "sdk\\\\bsp/1683122741164"
# webtalk_add_data -client sdk -key PerfCount -value "0" -context "sdk\\\\bsp/1683122741164"
# webtalk_add_data -client sdk -key FlashCount -value "0" -context "sdk\\\\bsp/1683122741164"
# webtalk_add_data -client sdk -key CrossTriggCount -value "0" -context "sdk\\\\bsp/1683122741164"
# webtalk_add_data -client sdk -key QemuDebugCount -value "0" -context "sdk\\\\bsp/1683122741164"
# webtalk_transmit -clientid 110213098 -regid "211832933_0_0_177" -xml D:\\GITEA\\GitHub\\ES\\Artix_7A50T\\Artix_7A50T.sdk\\webtalk\\usage_statistics_ext_sdk.xml -html D:\\GITEA\\GitHub\\ES\\Artix_7A50T\\Artix_7A50T.sdk\\webtalk\\usage_statistics_ext_sdk.html -wdm D:\\GITEA\\GitHub\\ES\\Artix_7A50T\\Artix_7A50T.sdk\\webtalk\\sdk_webtalk.wdm -intro "<H3>SDK Usage Report</H3><BR>"
INFO: [Common 17-186] 'D:\GITEA\GitHub\ES\Artix_7A50T\Artix_7A50T.sdk\webtalk\usage_statistics_ext_sdk.xml' has been successfully sent to Xilinx on Wed May  3 17:05:48 2023. For additional details about this file, please refer to the WebTalk help file at D:/Xilinx/SDK/2019.1/doc/webtalk_introduction.html.
# webtalk_terminate
INFO: [Common 17-206] Exiting Webtalk at Wed May  3 17:05:48 2023...
