21:02:26 INFO  : Registering command handlers for SDK TCF services
21:02:28 INFO  : Launching XSCT server: xsct.bat -interactive D:\GITEA\GitHub\ES\Artix_7A50T\Artix_7A50T.sdk\temp_xsdb_launch_script.tcl
21:02:32 INFO  : XSCT server has started successfully.
21:02:32 INFO  : Successfully done setting XSCT server connection channel  
21:02:38 INFO  : Successfully done setting SDK workspace  
21:02:38 INFO  : Processing command line option -hwspec D:/GITEA/GitHub/ES/Artix_7A50T/Artix_7A50T.sdk/design_1_wrapper.hdf.
21:07:17 INFO  : Example project start_project_bsp_xgpio_example_1 has been created successfully.
21:12:12 INFO  : Example project standalone_bsp_0_xgpio_example_1 has been created successfully.
21:31:03 INFO  : SDK has detected change in the last modified timestamps for source hardware specification file Source:1678300233457,  Project:1678292988555
21:31:03 INFO  : Project design_1_wrapper_hw_platform_0's source hardware specification located at D:/GITEA/GitHub/ES/Artix_7A50T/Artix_7A50T.sdk/design_1_wrapper.hdf is now different from the local copy.
		 The local copy will be replaced with the source specification and your workspace will be updated.
21:31:07 INFO  : Copied contents of D:/GITEA/GitHub/ES/Artix_7A50T/Artix_7A50T.sdk/design_1_wrapper.hdf into \design_1_wrapper_hw_platform_0\system.hdf.
21:31:07 INFO  : Synchronizing projects in the workspace with the hardware platform specification changes.
21:31:09 INFO  : 
21:31:10 INFO  : Updating hardware inferred compiler options for standalone_bsp_0_xgpio_example_1.
21:31:10 INFO  : Clearing existing target manager status.
21:31:10 INFO  : Closing and re-opening the MSS file of ther project standalone_bsp_0
21:31:10 INFO  : Closing and re-opening the MSS file of ther project standalone_bsp_0
21:31:10 INFO  : Workspace synchronized with the new hardware specification file. Cleaning dependent projects...
21:31:11 WARN  : Linker script will not be updated automatically. Users need to update it manually.
21:58:58 INFO  : 'targets -set -filter {jtag_cable_name =~ "Digilent JTAG-SMT2 210251991099" && level==0} -index 0' command is executed.
21:58:58 INFO  : 'fpga -state' command is executed.
21:58:58 INFO  : Connected to target on host '127.0.0.1' and port '3121'.
21:58:59 INFO  : Jtag cable 'Digilent JTAG-SMT2 210251991099' is selected.
21:58:59 INFO  : 'jtag frequency' command is executed.
21:58:59 INFO  : 'configparams mdm-detect-bscan-mask 2' command is executed.
21:58:59 INFO  : Context for processor 'microblaze_0' is selected.
21:58:59 ERROR : Cannot stop MicroBlaze. MicroBlaze is held in reset
21:58:59 INFO  : ----------------XSDB Script----------------
connect -url tcp:127.0.0.1:3121
configparams mdm-detect-bscan-mask 2
targets -set -nocase -filter {name =~ "microblaze*#0" && bscan=="USER2"  && jtag_cable_name =~ "Digilent JTAG-SMT2 210251991099"} -index 0
rst -processor
----------------End of Script----------------

21:59:24 INFO  : Connected to target on host '127.0.0.1' and port '3121'.
21:59:24 INFO  : 'targets -set -filter {jtag_cable_name =~ "Digilent JTAG-SMT2 210251991099" && level==0} -index 0' command is executed.
21:59:25 INFO  : FPGA configured successfully with bitstream "D:/GITEA/GitHub/ES/Artix_7A50T/Artix_7A50T.sdk/design_1_wrapper_hw_platform_0/download.bit"
22:00:12 INFO  : Connected to target on host '127.0.0.1' and port '3121'.
22:00:12 INFO  : Jtag cable 'Digilent JTAG-SMT2 210251991099' is selected.
22:00:12 INFO  : 'jtag frequency' command is executed.
22:00:12 INFO  : 'targets -set -filter {jtag_cable_name =~ "Digilent JTAG-SMT2 210251991099" && level==0} -index 0' command is executed.
22:00:14 INFO  : FPGA configured successfully with bitstream "D:/GITEA/GitHub/ES/Artix_7A50T/Artix_7A50T.sdk/design_1_wrapper_hw_platform_0/design_1_wrapper.bit"
22:00:14 INFO  : 'configparams mdm-detect-bscan-mask 2' command is executed.
22:00:14 INFO  : Context for processor 'microblaze_0' is selected.
22:00:14 INFO  : System reset is completed.
22:00:17 INFO  : 'after 3000' command is executed.
22:00:17 INFO  : Context for processor 'microblaze_0' is selected.
22:00:17 ERROR : Cannot stop MicroBlaze. MicroBlaze is held in reset
22:00:17 INFO  : ----------------XSDB Script----------------
connect -url tcp:127.0.0.1:3121
targets -set -filter {jtag_cable_name =~ "Digilent JTAG-SMT2 210251991099" && level==0} -index 0
fpga -file D:/GITEA/GitHub/ES/Artix_7A50T/Artix_7A50T.sdk/design_1_wrapper_hw_platform_0/design_1_wrapper.bit
configparams mdm-detect-bscan-mask 2
targets -set -nocase -filter {name =~ "microblaze*#0" && bscan=="USER2"  && jtag_cable_name =~ "Digilent JTAG-SMT2 210251991099"} -index 0
rst -system
after 3000
targets -set -nocase -filter {name =~ "microblaze*#0" && bscan=="USER2"  && jtag_cable_name =~ "Digilent JTAG-SMT2 210251991099"} -index 0
dow D:/GITEA/GitHub/ES/Artix_7A50T/Artix_7A50T.sdk/start_project/Debug/start_project.elf
----------------End of Script----------------

22:00:52 INFO  : Connected to target on host '127.0.0.1' and port '3121'.
22:00:52 INFO  : Jtag cable 'Digilent JTAG-SMT2 210251991099' is selected.
22:00:52 INFO  : 'jtag frequency' command is executed.
22:00:52 INFO  : 'targets -set -filter {jtag_cable_name =~ "Digilent JTAG-SMT2 210251991099" && level==0} -index 0' command is executed.
22:00:55 ERROR : fpga initialization failed
22:00:55 ERROR : Exception occured while running Program FPGA.
java.lang.RuntimeException: fpga initialization failed
22:00:55 INFO  : ----------------XSDB Script----------------
connect -url tcp:127.0.0.1:3121
----------------End of Script----------------

22:01:06 INFO  : Connected to target on host '127.0.0.1' and port '3121'.
22:01:06 INFO  : Jtag cable 'Digilent JTAG-SMT2 210251991099' is selected.
22:01:06 INFO  : 'jtag frequency' command is executed.
22:01:06 INFO  : 'targets -set -filter {jtag_cable_name =~ "Digilent JTAG-SMT2 210251991099" && level==0} -index 0' command is executed.
22:01:07 INFO  : FPGA configured successfully with bitstream "D:/GITEA/GitHub/ES/Artix_7A50T/Artix_7A50T.sdk/design_1_wrapper_hw_platform_0/design_1_wrapper.bit"
22:01:07 INFO  : 'configparams mdm-detect-bscan-mask 2' command is executed.
22:01:07 INFO  : Context for processor 'microblaze_0' is selected.
22:01:07 INFO  : System reset is completed.
22:01:10 INFO  : 'after 3000' command is executed.
22:01:10 INFO  : Context for processor 'microblaze_0' is selected.
22:01:10 ERROR : Cannot stop MicroBlaze. MicroBlaze is held in reset
22:01:10 INFO  : ----------------XSDB Script----------------
connect -url tcp:127.0.0.1:3121
targets -set -filter {jtag_cable_name =~ "Digilent JTAG-SMT2 210251991099" && level==0} -index 0
fpga -file D:/GITEA/GitHub/ES/Artix_7A50T/Artix_7A50T.sdk/design_1_wrapper_hw_platform_0/design_1_wrapper.bit
configparams mdm-detect-bscan-mask 2
targets -set -nocase -filter {name =~ "microblaze*#0" && bscan=="USER2"  && jtag_cable_name =~ "Digilent JTAG-SMT2 210251991099"} -index 0
rst -system
after 3000
targets -set -nocase -filter {name =~ "microblaze*#0" && bscan=="USER2"  && jtag_cable_name =~ "Digilent JTAG-SMT2 210251991099"} -index 0
dow D:/GITEA/GitHub/ES/Artix_7A50T/Artix_7A50T.sdk/start_project/Debug/start_project.elf
----------------End of Script----------------

22:01:17 INFO  : Connected to target on host '127.0.0.1' and port '3121'.
22:01:17 INFO  : Jtag cable 'Digilent JTAG-SMT2 210251991099' is selected.
22:01:17 INFO  : 'jtag frequency' command is executed.
22:01:17 INFO  : 'targets -set -filter {jtag_cable_name =~ "Digilent JTAG-SMT2 210251991099" && level==0} -index 0' command is executed.
22:01:19 INFO  : FPGA configured successfully with bitstream "D:/GITEA/GitHub/ES/Artix_7A50T/Artix_7A50T.sdk/design_1_wrapper_hw_platform_0/design_1_wrapper.bit"
22:01:19 INFO  : 'configparams mdm-detect-bscan-mask 2' command is executed.
22:01:19 INFO  : Context for processor 'microblaze_0' is selected.
22:01:19 INFO  : System reset is completed.
22:01:22 INFO  : 'after 3000' command is executed.
22:01:22 INFO  : Context for processor 'microblaze_0' is selected.
22:01:22 ERROR : Cannot stop MicroBlaze. MicroBlaze is held in reset
22:01:22 INFO  : ----------------XSDB Script----------------
connect -url tcp:127.0.0.1:3121
targets -set -filter {jtag_cable_name =~ "Digilent JTAG-SMT2 210251991099" && level==0} -index 0
fpga -file D:/GITEA/GitHub/ES/Artix_7A50T/Artix_7A50T.sdk/design_1_wrapper_hw_platform_0/design_1_wrapper.bit
configparams mdm-detect-bscan-mask 2
targets -set -nocase -filter {name =~ "microblaze*#0" && bscan=="USER2"  && jtag_cable_name =~ "Digilent JTAG-SMT2 210251991099"} -index 0
rst -system
after 3000
targets -set -nocase -filter {name =~ "microblaze*#0" && bscan=="USER2"  && jtag_cable_name =~ "Digilent JTAG-SMT2 210251991099"} -index 0
dow D:/GITEA/GitHub/ES/Artix_7A50T/Artix_7A50T.sdk/start_project/Debug/start_project.elf
----------------End of Script----------------

22:01:37 INFO  : Connected to target on host '127.0.0.1' and port '3121'.
22:01:37 INFO  : Jtag cable 'Digilent JTAG-SMT2 210251991099' is selected.
22:01:37 INFO  : 'jtag frequency' command is executed.
22:01:37 INFO  : 'targets -set -filter {jtag_cable_name =~ "Digilent JTAG-SMT2 210251991099" && level==0} -index 0' command is executed.
22:01:39 INFO  : FPGA configured successfully with bitstream "D:/GITEA/GitHub/ES/Artix_7A50T/Artix_7A50T.sdk/design_1_wrapper_hw_platform_0/design_1_wrapper.bit"
22:01:39 INFO  : 'configparams mdm-detect-bscan-mask 2' command is executed.
22:01:39 INFO  : Context for processor 'microblaze_0' is selected.
22:01:39 INFO  : System reset is completed.
22:01:42 INFO  : 'after 3000' command is executed.
22:01:42 INFO  : Context for processor 'microblaze_0' is selected.
22:01:42 ERROR : Cannot stop MicroBlaze. MicroBlaze is held in reset
22:01:42 INFO  : ----------------XSDB Script----------------
connect -url tcp:127.0.0.1:3121
targets -set -filter {jtag_cable_name =~ "Digilent JTAG-SMT2 210251991099" && level==0} -index 0
fpga -file D:/GITEA/GitHub/ES/Artix_7A50T/Artix_7A50T.sdk/design_1_wrapper_hw_platform_0/design_1_wrapper.bit
configparams mdm-detect-bscan-mask 2
targets -set -nocase -filter {name =~ "microblaze*#0" && bscan=="USER2"  && jtag_cable_name =~ "Digilent JTAG-SMT2 210251991099"} -index 0
rst -system
after 3000
targets -set -nocase -filter {name =~ "microblaze*#0" && bscan=="USER2"  && jtag_cable_name =~ "Digilent JTAG-SMT2 210251991099"} -index 0
dow D:/GITEA/GitHub/ES/Artix_7A50T/Artix_7A50T.sdk/start_project/Debug/start_project.elf
----------------End of Script----------------

22:10:15 INFO  : Connected to target on host '127.0.0.1' and port '3121'.
22:10:16 INFO  : Jtag cable 'Digilent JTAG-SMT2 210251991099' is selected.
22:10:16 INFO  : 'jtag frequency' command is executed.
22:10:16 INFO  : 'targets -set -filter {jtag_cable_name =~ "Digilent JTAG-SMT2 210251991099" && level==0} -index 0' command is executed.
22:10:17 INFO  : FPGA configured successfully with bitstream "D:/GITEA/GitHub/ES/Artix_7A50T/Artix_7A50T.sdk/design_1_wrapper_hw_platform_0/design_1_wrapper.bit"
22:10:17 INFO  : 'configparams mdm-detect-bscan-mask 2' command is executed.
22:10:17 INFO  : Context for processor 'microblaze_0' is selected.
22:10:17 INFO  : System reset is completed.
22:10:20 INFO  : 'after 3000' command is executed.
22:10:21 INFO  : Context for processor 'microblaze_0' is selected.
22:10:21 ERROR : Cannot stop MicroBlaze. MicroBlaze is held in reset
22:10:21 INFO  : ----------------XSDB Script----------------
connect -url tcp:127.0.0.1:3121
targets -set -filter {jtag_cable_name =~ "Digilent JTAG-SMT2 210251991099" && level==0} -index 0
fpga -file D:/GITEA/GitHub/ES/Artix_7A50T/Artix_7A50T.sdk/design_1_wrapper_hw_platform_0/design_1_wrapper.bit
configparams mdm-detect-bscan-mask 2
targets -set -nocase -filter {name =~ "microblaze*#0" && bscan=="USER2"  && jtag_cable_name =~ "Digilent JTAG-SMT2 210251991099"} -index 0
rst -system
after 3000
targets -set -nocase -filter {name =~ "microblaze*#0" && bscan=="USER2"  && jtag_cable_name =~ "Digilent JTAG-SMT2 210251991099"} -index 0
dow D:/GITEA/GitHub/ES/Artix_7A50T/Artix_7A50T.sdk/start_project/Debug/start_project.elf
----------------End of Script----------------

22:10:37 INFO  : Connected to target on host '127.0.0.1' and port '3121'.
22:10:37 INFO  : Jtag cable 'Digilent JTAG-SMT2 210251991099' is selected.
22:10:37 INFO  : 'jtag frequency' command is executed.
22:10:37 INFO  : 'targets -set -filter {jtag_cable_name =~ "Digilent JTAG-SMT2 210251991099" && level==0} -index 0' command is executed.
22:10:38 INFO  : FPGA configured successfully with bitstream "D:/GITEA/GitHub/ES/Artix_7A50T/Artix_7A50T.sdk/design_1_wrapper_hw_platform_0/design_1_wrapper.bit"
22:10:38 INFO  : 'configparams mdm-detect-bscan-mask 2' command is executed.
22:10:38 INFO  : Context for processor 'microblaze_0' is selected.
22:10:39 INFO  : System reset is completed.
22:10:42 INFO  : 'after 3000' command is executed.
22:10:42 INFO  : Context for processor 'microblaze_0' is selected.
22:10:42 ERROR : Cannot stop MicroBlaze. MicroBlaze is held in reset
22:10:42 INFO  : ----------------XSDB Script----------------
connect -url tcp:127.0.0.1:3121
targets -set -filter {jtag_cable_name =~ "Digilent JTAG-SMT2 210251991099" && level==0} -index 0
fpga -file D:/GITEA/GitHub/ES/Artix_7A50T/Artix_7A50T.sdk/design_1_wrapper_hw_platform_0/design_1_wrapper.bit
configparams mdm-detect-bscan-mask 2
targets -set -nocase -filter {name =~ "microblaze*#0" && bscan=="USER2"  && jtag_cable_name =~ "Digilent JTAG-SMT2 210251991099"} -index 0
rst -system
after 3000
targets -set -nocase -filter {name =~ "microblaze*#0" && bscan=="USER2"  && jtag_cable_name =~ "Digilent JTAG-SMT2 210251991099"} -index 0
dow D:/GITEA/GitHub/ES/Artix_7A50T/Artix_7A50T.sdk/start_project/Debug/start_project.elf
----------------End of Script----------------

22:13:43 INFO  : Connected to target on host '127.0.0.1' and port '3121'.
22:13:43 INFO  : Jtag cable 'Digilent JTAG-SMT2 210251991099' is selected.
22:13:43 INFO  : 'jtag frequency' command is executed.
22:13:43 INFO  : 'targets -set -filter {jtag_cable_name =~ "Digilent JTAG-SMT2 210251991099" && level==0} -index 0' command is executed.
22:13:44 INFO  : FPGA configured successfully with bitstream "D:/GITEA/GitHub/ES/Artix_7A50T/Artix_7A50T.sdk/design_1_wrapper_hw_platform_0/design_1_wrapper.bit"
22:13:44 INFO  : 'configparams mdm-detect-bscan-mask 2' command is executed.
22:13:44 INFO  : Context for processor 'microblaze_0' is selected.
22:13:44 INFO  : System reset is completed.
22:13:47 INFO  : 'after 3000' command is executed.
22:13:47 INFO  : Context for processor 'microblaze_0' is selected.
22:13:47 ERROR : Cannot stop MicroBlaze. MicroBlaze is held in reset
22:13:47 INFO  : ----------------XSDB Script----------------
connect -url tcp:127.0.0.1:3121
targets -set -filter {jtag_cable_name =~ "Digilent JTAG-SMT2 210251991099" && level==0} -index 0
fpga -file D:/GITEA/GitHub/ES/Artix_7A50T/Artix_7A50T.sdk/design_1_wrapper_hw_platform_0/design_1_wrapper.bit
configparams mdm-detect-bscan-mask 2
targets -set -nocase -filter {name =~ "microblaze*#0" && bscan=="USER2"  && jtag_cable_name =~ "Digilent JTAG-SMT2 210251991099"} -index 0
rst -system
after 3000
targets -set -nocase -filter {name =~ "microblaze*#0" && bscan=="USER2"  && jtag_cable_name =~ "Digilent JTAG-SMT2 210251991099"} -index 0
dow D:/GITEA/GitHub/ES/Artix_7A50T/Artix_7A50T.sdk/start_project/Debug/start_project.elf
----------------End of Script----------------

22:15:49 INFO  : SDK has detected change in the last modified timestamps for source hardware specification file Source:1678302851822,  Project:1678300233457
22:15:49 INFO  : Project design_1_wrapper_hw_platform_0's source hardware specification located at D:/GITEA/GitHub/ES/Artix_7A50T/Artix_7A50T.sdk/design_1_wrapper.hdf is now different from the local copy.
		 The local copy will be replaced with the source specification and your workspace will be updated.
22:15:55 INFO  : Copied contents of D:/GITEA/GitHub/ES/Artix_7A50T/Artix_7A50T.sdk/design_1_wrapper.hdf into \design_1_wrapper_hw_platform_0\system.hdf.
22:15:55 INFO  : Synchronizing projects in the workspace with the hardware platform specification changes.
22:16:07 INFO  : 
22:16:09 INFO  : 
22:16:10 INFO  : Updating hardware inferred compiler options for start_project.
22:16:10 INFO  : Clearing existing target manager status.
22:16:10 INFO  : Closing and re-opening the MSS file of ther project standalone_bsp_0
22:16:11 INFO  : Closing and re-opening the MSS file of ther project standalone_bsp_0
22:16:11 INFO  : Closing and re-opening the MSS file of ther project start_project_bsp
22:16:11 INFO  : Workspace synchronized with the new hardware specification file. Cleaning dependent projects...
22:16:13 WARN  : Linker script will not be updated automatically. Users need to update it manually.
22:16:35 INFO  : Connected to target on host '127.0.0.1' and port '3121'.
22:16:35 INFO  : Jtag cable 'Digilent JTAG-SMT2 210251991099' is selected.
22:16:35 INFO  : 'jtag frequency' command is executed.
22:16:36 INFO  : 'targets -set -filter {jtag_cable_name =~ "Digilent JTAG-SMT2 210251991099" && level==0} -index 0' command is executed.
22:16:37 INFO  : FPGA configured successfully with bitstream "D:/GITEA/GitHub/ES/Artix_7A50T/Artix_7A50T.sdk/design_1_wrapper_hw_platform_0/design_1_wrapper.bit"
22:16:37 INFO  : 'configparams mdm-detect-bscan-mask 2' command is executed.
22:16:37 INFO  : Context for processor 'microblaze_0' is selected.
22:16:37 INFO  : System reset is completed.
22:16:40 INFO  : 'after 3000' command is executed.
22:16:40 INFO  : Context for processor 'microblaze_0' is selected.
22:16:40 ERROR : Cannot stop MicroBlaze. MicroBlaze is held in reset
22:16:40 INFO  : ----------------XSDB Script----------------
connect -url tcp:127.0.0.1:3121
targets -set -filter {jtag_cable_name =~ "Digilent JTAG-SMT2 210251991099" && level==0} -index 0
fpga -file D:/GITEA/GitHub/ES/Artix_7A50T/Artix_7A50T.sdk/design_1_wrapper_hw_platform_0/design_1_wrapper.bit
configparams mdm-detect-bscan-mask 2
targets -set -nocase -filter {name =~ "microblaze*#0" && bscan=="USER2"  && jtag_cable_name =~ "Digilent JTAG-SMT2 210251991099"} -index 0
rst -system
after 3000
targets -set -nocase -filter {name =~ "microblaze*#0" && bscan=="USER2"  && jtag_cable_name =~ "Digilent JTAG-SMT2 210251991099"} -index 0
dow D:/GITEA/GitHub/ES/Artix_7A50T/Artix_7A50T.sdk/start_project/Debug/start_project.elf
----------------End of Script----------------

22:16:53 INFO  : Connected to target on host '127.0.0.1' and port '3121'.
22:16:53 INFO  : Jtag cable 'Digilent JTAG-SMT2 210251991099' is selected.
22:16:53 INFO  : 'jtag frequency' command is executed.
22:16:53 INFO  : 'targets -set -filter {jtag_cable_name =~ "Digilent JTAG-SMT2 210251991099" && level==0} -index 0' command is executed.
22:16:54 INFO  : FPGA configured successfully with bitstream "D:/GITEA/GitHub/ES/Artix_7A50T/Artix_7A50T.sdk/design_1_wrapper_hw_platform_0/design_1_wrapper.bit"
22:16:54 INFO  : 'configparams mdm-detect-bscan-mask 2' command is executed.
22:16:54 INFO  : Context for processor 'microblaze_0' is selected.
22:16:55 INFO  : System reset is completed.
22:16:58 INFO  : 'after 3000' command is executed.
22:16:58 INFO  : Context for processor 'microblaze_0' is selected.
22:16:58 ERROR : Cannot stop MicroBlaze. MicroBlaze is held in reset
22:16:58 INFO  : ----------------XSDB Script----------------
connect -url tcp:127.0.0.1:3121
targets -set -filter {jtag_cable_name =~ "Digilent JTAG-SMT2 210251991099" && level==0} -index 0
fpga -file D:/GITEA/GitHub/ES/Artix_7A50T/Artix_7A50T.sdk/design_1_wrapper_hw_platform_0/design_1_wrapper.bit
configparams mdm-detect-bscan-mask 2
targets -set -nocase -filter {name =~ "microblaze*#0" && bscan=="USER2"  && jtag_cable_name =~ "Digilent JTAG-SMT2 210251991099"} -index 0
rst -system
after 3000
targets -set -nocase -filter {name =~ "microblaze*#0" && bscan=="USER2"  && jtag_cable_name =~ "Digilent JTAG-SMT2 210251991099"} -index 0
dow D:/GITEA/GitHub/ES/Artix_7A50T/Artix_7A50T.sdk/start_project/Debug/start_project.elf
----------------End of Script----------------

22:17:32 INFO  : 'targets -set -filter {jtag_cable_name =~ "Digilent JTAG-SMT2 210251991099" && level==0} -index 0' command is executed.
22:17:32 INFO  : 'fpga -state' command is executed.
22:17:32 INFO  : Connected to target on host '127.0.0.1' and port '3121'.
22:17:33 INFO  : Jtag cable 'Digilent JTAG-SMT2 210251991099' is selected.
22:17:33 INFO  : 'jtag frequency' command is executed.
22:17:33 INFO  : 'configparams mdm-detect-bscan-mask 2' command is executed.
22:17:33 INFO  : Context for processor 'microblaze_0' is selected.
22:17:33 ERROR : Cannot stop MicroBlaze. MicroBlaze is held in reset
22:17:33 INFO  : ----------------XSDB Script----------------
connect -url tcp:127.0.0.1:3121
configparams mdm-detect-bscan-mask 2
targets -set -nocase -filter {name =~ "microblaze*#0" && bscan=="USER2"  && jtag_cable_name =~ "Digilent JTAG-SMT2 210251991099"} -index 0
rst -processor
----------------End of Script----------------

22:43:32 INFO  : SDK has detected change in the last modified timestamps for source hardware specification file Source:1678304593452,  Project:1678302851822
22:43:32 INFO  : Project design_1_wrapper_hw_platform_0's source hardware specification located at D:/GITEA/GitHub/ES/Artix_7A50T/Artix_7A50T.sdk/design_1_wrapper.hdf is now different from the local copy.
		 The local copy will be replaced with the source specification and your workspace will be updated.
22:43:36 INFO  : Copied contents of D:/GITEA/GitHub/ES/Artix_7A50T/Artix_7A50T.sdk/design_1_wrapper.hdf into \design_1_wrapper_hw_platform_0\system.hdf.
22:43:36 INFO  : Synchronizing projects in the workspace with the hardware platform specification changes.
22:43:38 INFO  : 
22:43:40 INFO  : 
22:43:41 INFO  : Updating hardware inferred compiler options for start_project.
22:43:41 INFO  : Clearing existing target manager status.
22:43:41 INFO  : Closing and re-opening the MSS file of ther project standalone_bsp_0
22:43:41 INFO  : Closing and re-opening the MSS file of ther project standalone_bsp_0
22:43:42 INFO  : Closing and re-opening the MSS file of ther project start_project_bsp
22:43:42 INFO  : Workspace synchronized with the new hardware specification file. Cleaning dependent projects...
22:43:43 WARN  : Linker script will not be updated automatically. Users need to update it manually.
22:45:12 INFO  : Connected to target on host '127.0.0.1' and port '3121'.
22:45:58 INFO  : Connected to target on host '127.0.0.1' and port '3121'.
22:45:58 INFO  : 'targets -set -filter {jtag_cable_name =~ "Digilent JTAG-SMT2 210251991099" && level==0} -index 0' command is executed.
22:46:00 INFO  : FPGA configured successfully with bitstream "D:/GITEA/GitHub/ES/Artix_7A50T/Artix_7A50T.sdk/design_1_wrapper_hw_platform_0/download.bit"
22:46:07 INFO  : 'targets -set -filter {jtag_cable_name =~ "Digilent JTAG-SMT2 210251991099" && level==0} -index 0' command is executed.
22:46:07 INFO  : 'fpga -state' command is executed.
22:46:07 INFO  : Connected to target on host '127.0.0.1' and port '3121'.
22:46:07 INFO  : Jtag cable 'Digilent JTAG-SMT2 210251991099' is selected.
22:46:07 INFO  : 'jtag frequency' command is executed.
22:46:07 INFO  : 'configparams mdm-detect-bscan-mask 2' command is executed.
22:46:07 INFO  : Context for processor 'microblaze_0' is selected.
22:46:07 ERROR : Cannot stop MicroBlaze. MicroBlaze is held in reset
22:46:07 INFO  : ----------------XSDB Script----------------
connect -url tcp:127.0.0.1:3121
configparams mdm-detect-bscan-mask 2
targets -set -nocase -filter {name =~ "microblaze*#0" && bscan=="USER2"  && jtag_cable_name =~ "Digilent JTAG-SMT2 210251991099"} -index 0
rst -processor
----------------End of Script----------------

22:46:14 INFO  : 'targets -set -filter {jtag_cable_name =~ "Digilent JTAG-SMT2 210251991099" && level==0} -index 0' command is executed.
22:46:14 INFO  : 'fpga -state' command is executed.
22:46:14 INFO  : Connected to target on host '127.0.0.1' and port '3121'.
22:46:14 INFO  : Jtag cable 'Digilent JTAG-SMT2 210251991099' is selected.
22:46:14 INFO  : 'jtag frequency' command is executed.
22:46:14 INFO  : 'configparams mdm-detect-bscan-mask 2' command is executed.
22:46:14 INFO  : Context for processor 'microblaze_0' is selected.
22:46:14 ERROR : Cannot stop MicroBlaze. MicroBlaze is held in reset
22:46:14 INFO  : ----------------XSDB Script----------------
connect -url tcp:127.0.0.1:3121
configparams mdm-detect-bscan-mask 2
targets -set -nocase -filter {name =~ "microblaze*#0" && bscan=="USER2"  && jtag_cable_name =~ "Digilent JTAG-SMT2 210251991099"} -index 0
rst -processor
----------------End of Script----------------

