Copyright 1986-2019 Xilinx, Inc. All Rights Reserved.
------------------------------------------------------------------------------------------------------------------------------------------
| Tool Version : Vivado v.2019.1 (win64) Build 2552052 Fri May 24 14:49:42 MDT 2019
| Date         : Fri Apr 28 12:56:38 2023
| Host         : STAS-W10 running 64-bit major release  (build 9200)
| Command      : report_drc -file design_1_wrapper_drc_routed.rpt -pb design_1_wrapper_drc_routed.pb -rpx design_1_wrapper_drc_routed.rpx
| Design       : design_1_wrapper
| Device       : xc7a50tftg256-3
| Speed File   : -3
| Design State : Fully Routed
------------------------------------------------------------------------------------------------------------------------------------------

Report DRC

Table of Contents
-----------------
1. REPORT SUMMARY
2. REPORT DETAILS

1. REPORT SUMMARY
-----------------
            Netlist: netlist
          Floorplan: design_1
      Design limits: <entire design considered>
           Ruledeck: default
             Max violations: <unlimited>
             Violations found: 9
+-------------+----------+-----------------------------------------------------+------------+
| Rule        | Severity | Description                                         | Violations |
+-------------+----------+-----------------------------------------------------+------------+
| BUFC-1      | Warning  | Input Buffer Connections                            | 2          |
| CFGBVS-1    | Warning  | Missing CFGBVS and CONFIG_VOLTAGE Design Properties | 1          |
| PDRC-153    | Warning  | Gated clock check                                   | 4          |
| PLBUFGOPT-1 | Warning  | Non-Optimal connections to BUFG                     | 1          |
| REQP-1709   | Warning  | Clock output buffering                              | 1          |
+-------------+----------+-----------------------------------------------------+------------+

2. REPORT DETAILS
-----------------
BUFC-1#1 Warning
Input Buffer Connections  
Input buffer spi_rtl_0_sck_iobuf/IBUF (in spi_rtl_0_sck_iobuf macro) has no loads. It is recommended to have an input buffer drive an internal load.
Related violations: <none>

BUFC-1#2 Warning
Input Buffer Connections  
Input buffer spi_rtl_0_ss_iobuf_0/IBUF (in spi_rtl_0_ss_iobuf_0 macro) has no loads. It is recommended to have an input buffer drive an internal load.
Related violations: <none>

CFGBVS-1#1 Warning
Missing CFGBVS and CONFIG_VOLTAGE Design Properties  
Neither the CFGBVS nor CONFIG_VOLTAGE voltage property is set in the current_design.  Configuration bank voltage select (CFGBVS) must be set to VCCO or GND, and CONFIG_VOLTAGE must be set to the correct configuration voltage, in order to determine the I/O voltage support for the pins in bank 0.  It is suggested to specify these either using the 'Edit Device Properties' function in the GUI or directly in the XDC file using the following syntax:

 set_property CFGBVS value1 [current_design]
 #where value1 is either VCCO or GND

 set_property CONFIG_VOLTAGE value2 [current_design]
 #where value2 is the voltage provided to configuration bank 0

Refer to the device configuration user guide for more information.
Related violations: <none>

PDRC-153#1 Warning
Gated clock check  
Net design_1_i/IP_AXI_ADC_1/U0/IP_AXI_ADC_v2_0_S00_AXI_inst/reg_data_out_reg[31]_i_2_n_0 is a gated clock net sourced by a combinational pin design_1_i/IP_AXI_ADC_1/U0/IP_AXI_ADC_v2_0_S00_AXI_inst/reg_data_out_reg[31]_i_2/O, cell design_1_i/IP_AXI_ADC_1/U0/IP_AXI_ADC_v2_0_S00_AXI_inst/reg_data_out_reg[31]_i_2. This is not good design practice and will likely impact performance. For SLICE registers, for example, use the CE pin to control the loading of data.
Related violations: <none>

PDRC-153#2 Warning
Gated clock check  
Net design_1_i/IP_AXI_Encoder_0/U0/IP_AXI_Encoder_v1_0_S00_AXI_inst/data_overwrite_permission_latch_reg_i_2_n_0 is a gated clock net sourced by a combinational pin design_1_i/IP_AXI_Encoder_0/U0/IP_AXI_Encoder_v1_0_S00_AXI_inst/data_overwrite_permission_latch_reg_i_2/O, cell design_1_i/IP_AXI_Encoder_0/U0/IP_AXI_Encoder_v1_0_S00_AXI_inst/data_overwrite_permission_latch_reg_i_2. This is not good design practice and will likely impact performance. For SLICE registers, for example, use the CE pin to control the loading of data.
Related violations: <none>

PDRC-153#3 Warning
Gated clock check  
Net design_1_i/IP_AXI_Encoder_0/U0/IP_AXI_Encoder_v1_0_S00_AXI_inst/reset_counter_S0_current_reg_i_2_n_0 is a gated clock net sourced by a combinational pin design_1_i/IP_AXI_Encoder_0/U0/IP_AXI_Encoder_v1_0_S00_AXI_inst/reset_counter_S0_current_reg_i_2/O, cell design_1_i/IP_AXI_Encoder_0/U0/IP_AXI_Encoder_v1_0_S00_AXI_inst/reset_counter_S0_current_reg_i_2. This is not good design practice and will likely impact performance. For SLICE registers, for example, use the CE pin to control the loading of data.
Related violations: <none>

PDRC-153#4 Warning
Gated clock check  
Net design_1_i/IP_AXI_Encoder_0/U0/IP_AXI_Encoder_v1_0_S00_AXI_inst/reset_counter_S0_inv_current_reg_i_2_n_0 is a gated clock net sourced by a combinational pin design_1_i/IP_AXI_Encoder_0/U0/IP_AXI_Encoder_v1_0_S00_AXI_inst/reset_counter_S0_inv_current_reg_i_2/O, cell design_1_i/IP_AXI_Encoder_0/U0/IP_AXI_Encoder_v1_0_S00_AXI_inst/reset_counter_S0_inv_current_reg_i_2. This is not good design practice and will likely impact performance. For SLICE registers, for example, use the CE pin to control the loading of data.
Related violations: <none>

PLBUFGOPT-1#1 Warning
Non-Optimal connections to BUFG  
A non-muxed BUFG design_1_i/mig_7series_0/u_design_1_mig_7series_0_0_mig/u_iodelay_ctrl/clk_ref_200.u_bufg_clk_ref is driven by another global buffer design_1_i/clk_wiz_1/inst/clkout2_buf. Remove non-muxed BUFG if it is not desired
Related violations: <none>

REQP-1709#1 Warning
Clock output buffering  
PLLE2_ADV connectivity violation. The signal design_1_i/mig_7series_0/u_design_1_mig_7series_0_0_mig/u_ddr3_infrastructure/pll_clk3_out on the design_1_i/mig_7series_0/u_design_1_mig_7series_0_0_mig/u_ddr3_infrastructure/plle2_i/CLKOUT3 pin of design_1_i/mig_7series_0/u_design_1_mig_7series_0_0_mig/u_ddr3_infrastructure/plle2_i does not drive the same kind of BUFFER load as the other CLKOUT pins. Routing from the different buffer types will not be phase aligned.
Related violations: <none>


