Copyright 1986-2019 Xilinx, Inc. All Rights Reserved.
---------------------------------------------------------------------------------------------
| Tool Version : Vivado v.2019.1 (win64) Build 2552052 Fri May 24 14:49:42 MDT 2019
| Date         : Thu Mar  9 17:51:38 2023
| Host         : STAS-W10 running 64-bit major release  (build 9200)
| Command      : report_control_sets -verbose -file design_1_wrapper_control_sets_placed.rpt
| Design       : design_1_wrapper
| Device       : xc7a50t
---------------------------------------------------------------------------------------------

Control Set Information

Table of Contents
-----------------
1. Summary
2. Histogram
3. Flip-Flop Distribution
4. Detailed Control Set Information

1. Summary
----------

+----------------------------------------------------------+-------+
|                          Status                          | Count |
+----------------------------------------------------------+-------+
| Total control sets                                       |   113 |
|    Minimum number of control sets                        |   113 |
|    Addition due to synthesis replication                 |     0 |
|    Addition due to physical synthesis replication        |     0 |
| Unused register locations in slices containing registers |   325 |
+----------------------------------------------------------+-------+
* Control sets can be merged at opt_design using control_set_merge or merge_equivalent_drivers
** Run report_qor_suggestions for automated merging and remapping suggestions


2. Histogram
------------

+--------------------+-------+
|       Fanout       | Count |
+--------------------+-------+
| Total control sets |   113 |
| >= 0 to < 4        |    15 |
| >= 4 to < 6        |    25 |
| >= 6 to < 8        |     7 |
| >= 8 to < 10       |    10 |
| >= 10 to < 12      |     4 |
| >= 12 to < 14      |     1 |
| >= 14 to < 16      |     0 |
| >= 16              |    51 |
+--------------------+-------+
* Control sets can be remapped at either synth_design or opt_design


3. Flip-Flop Distribution
-------------------------

+--------------+-----------------------+------------------------+-----------------+--------------+
| Clock Enable | Synchronous Set/Reset | Asynchronous Set/Reset | Total Registers | Total Slices |
+--------------+-----------------------+------------------------+-----------------+--------------+
| No           | No                    | No                     |             271 |          109 |
| No           | No                    | Yes                    |              29 |            8 |
| No           | Yes                   | No                     |             373 |          170 |
| Yes          | No                    | No                     |             634 |          174 |
| Yes          | No                    | Yes                    |              15 |            8 |
| Yes          | Yes                   | No                     |             905 |          307 |
+--------------+-----------------------+------------------------+-----------------+--------------+


4. Detailed Control Set Information
-----------------------------------

+----------------------------------------------------------------+-------------------------------------------------------------------------------------------------------------------------------------------------------------------------------------------------------------------------------+-------------------------------------------------------------------------------------------------------------------------------------------------------------------+------------------+----------------+
|                          Clock Signal                          |                                                                                                         Enable Signal                                                                                                         |                                                                          Set/Reset Signal                                                                         | Slice Load Count | Bel Load Count |
+----------------------------------------------------------------+-------------------------------------------------------------------------------------------------------------------------------------------------------------------------------------------------------------------------------+-------------------------------------------------------------------------------------------------------------------------------------------------------------------+------------------+----------------+
|  design_1_i/clk_wiz_1/inst/clk_out1                            | design_1_i/microblaze_0_axi_periph/s02_couplers/auto_pc/inst/gen_axilite.gen_b2s_conv.axilite_b2s/RD.r_channel_0/r_push_r                                                                                                     |                                                                                                                                                                   |                1 |              1 |
| ~design_1_i/mdm_1/U0/Use_E2.BSCAN_I/Dbg_Update_0               |                                                                                                                                                                                                                               | design_1_i/mdm_1/U0/MDM_Core_I1/JTAG_CONTROL_I/sel_n                                                                                                              |                1 |              1 |
|  design_1_i/mdm_1/U0/Use_E2.BSCAN_I/Dbg_Update_0               | design_1_i/microblaze_0/U0/MicroBlaze_Core_I/Performance.Core/Use_Debug_Logic.Master_Core.Debug_Perf/Control_Reg_En                                                                                                           | design_1_i/microblaze_0/U0/MicroBlaze_Core_I/Performance.Core/Use_Debug_Logic.Master_Core.Debug_Perf/Serial_Dbg_Intf.force_stop_cmd_i_reg_0                       |                1 |              1 |
|  design_1_i/mdm_1/U0/Use_E2.BSCAN_I/Dbg_Update_0               | design_1_i/microblaze_0/U0/MicroBlaze_Core_I/Performance.Core/Use_Debug_Logic.Master_Core.Debug_Perf/Control_Reg_En                                                                                                           | design_1_i/microblaze_0/U0/MicroBlaze_Core_I/Performance.Core/Use_Debug_Logic.Master_Core.Debug_Perf/Serial_Dbg_Intf.continue_from_brk_reg_n_0                    |                1 |              1 |
|  design_1_i/mdm_1/U0/Use_E2.BSCAN_I/Dbg_Update_0               | design_1_i/microblaze_0/U0/MicroBlaze_Core_I/Performance.Core/Use_Debug_Logic.Master_Core.Debug_Perf/Control_Reg_En                                                                                                           | design_1_i/microblaze_0/U0/MicroBlaze_Core_I/Performance.Core/Use_Debug_Logic.Master_Core.Debug_Perf/Serial_Dbg_Intf.normal_stop_cmd_i_reg_n_0                    |                1 |              1 |
|  design_1_i/mdm_1/U0/Use_E2.BSCAN_I/Dbg_Update_0               | design_1_i/microblaze_0/U0/MicroBlaze_Core_I/Performance.Core/Use_Debug_Logic.Master_Core.Debug_Perf/Control_Reg_En                                                                                                           | design_1_i/microblaze_0/U0/MicroBlaze_Core_I/Performance.Core/Use_Debug_Logic.Master_Core.Debug_Perf/start_single_step_reg_n_0                                    |                1 |              1 |
|  design_1_i/mdm_1/U0/No_Dbg_Reg_Access.BUFG_DRCK/Ext_JTAG_DRCK | design_1_i/mdm_1/U0/Use_E2.BSCAN_I/Use_BSCAN.PORT_Selector_reg[0]                                                                                                                                                             | design_1_i/mdm_1/U0/MDM_Core_I1/JTAG_CONTROL_I/sel_with_scan_reset19_out                                                                                          |                1 |              1 |
|  design_1_i/clk_wiz_1/inst/clk_out1                            |                                                                                                                                                                                                                               | design_1_i/microblaze_0/U0/MicroBlaze_Core_I/Performance.Core/Use_Debug_Logic.Master_Core.Debug_Perf/capture_1                                                    |                1 |              1 |
|  design_1_i/clk_wiz_1/inst/clk_out1                            | design_1_i/microblaze_0_axi_periph/s01_couplers/auto_pc/inst/gen_axilite.gen_b2s_conv.axilite_b2s/RD.r_channel_0/r_push_r                                                                                                     |                                                                                                                                                                   |                1 |              1 |
| ~design_1_i/mdm_1/U0/No_Dbg_Reg_Access.BUFG_DRCK/Ext_JTAG_DRCK | design_1_i/mdm_1/U0/MDM_Core_I1/JTAG_CONTROL_I/Use_BSCAN.FDC_I/CE                                                                                                                                                             | design_1_i/mdm_1/U0/MDM_Core_I1/JTAG_CONTROL_I/Use_BSCAN.FDC_I/D_1                                                                                                |                1 |              1 |
|  design_1_i/clk_wiz_1/inst/clk_out1                            |                                                                                                                                                                                                                               | design_1_i/microblaze_0_axi_periph/s02_couplers/auto_pc/inst/gen_axilite.gen_b2s_conv.axilite_b2s/SI_REG/ar.ar_pipe/aresetn_d_reg[1]_inv_0                        |                1 |              2 |
|  design_1_i/mdm_1/U0/Use_E2.BSCAN_I/Dbg_Update_0               | design_1_i/microblaze_0/U0/MicroBlaze_Core_I/Performance.Core/Use_Debug_Logic.Master_Core.Debug_Perf/Command_Reg_En                                                                                                           | design_1_i/microblaze_0/U0/MicroBlaze_Core_I/Performance.Core/Use_Debug_Logic.Master_Core.Debug_Perf/command_reg_clear                                            |                1 |              2 |
|  design_1_i/clk_wiz_1/inst/clk_out1                            | design_1_i/microblaze_0/U0/MicroBlaze_Core_I/Performance.Core/Decode_I/Use_MuxCy[11].OF_Piperun_Stage/MUXCY_I/of_pause_reg                                                                                                    |                                                                                                                                                                   |                2 |              2 |
|  design_1_i/clk_wiz_1/inst/clk_out1                            |                                                                                                                                                                                                                               | design_1_i/microblaze_0_axi_periph/s02_couplers/auto_pc/inst/gen_axilite.gen_b2s_conv.axilite_b2s/SI_REG/aw.aw_pipe/aresetn_d_reg[0]_0                            |                1 |              2 |
|  design_1_i/mdm_1/U0/Use_E2.BSCAN_I/Dbg_Update_0               |                                                                                                                                                                                                                               |                                                                                                                                                                   |                1 |              3 |
|  design_1_i/mdm_1/U0/Use_E2.BSCAN_I/Dbg_Update_0               | design_1_i/mdm_1/U0/MDM_Core_I1/MDM_SEL                                                                                                                                                                                       | design_1_i/mdm_1/U0/Use_E2.BSCAN_I/AR[0]                                                                                                                          |                1 |              4 |
|  design_1_i/clk_wiz_1/inst/clk_out1                            | design_1_i/microblaze_0/U0/MicroBlaze_Core_I/Performance.Core/Using_DCache.Using_WriteThrough.DCache_I1/Using_New_CacheInterface_for_AXI.Cache_Interface_I1/incoming_data_valid                                               | design_1_i/microblaze_0/U0/MicroBlaze_Core_I/sync_reset                                                                                                           |                1 |              4 |
|  design_1_i/clk_wiz_1/inst/clk_out1                            | design_1_i/microblaze_0/U0/MicroBlaze_Core_I/Performance.Core/Using_DCache.Using_WriteThrough.DCache_I1/Using_New_CacheInterface_for_AXI.Cache_Interface_I1/Using_AXI.Use_AXI_Write.aw_read_fifo_addr[0]_i_1_n_0              | design_1_i/microblaze_0/U0/MicroBlaze_Core_I/sync_reset                                                                                                           |                3 |              4 |
|  design_1_i/mdm_1/U0/No_Dbg_Reg_Access.BUFG_DRCK/Ext_JTAG_DRCK | design_1_i/mdm_1/U0/MDM_Core_I1/p_3_out                                                                                                                                                                                       | design_1_i/mdm_1/U0/Use_E2.BSCAN_I/AR[0]                                                                                                                          |                1 |              4 |
|  design_1_i/clk_wiz_1/inst/clk_out1                            | design_1_i/microblaze_0/U0/MicroBlaze_Core_I/Performance.Core/Using_DCache.Using_WriteThrough.DCache_I1/Using_New_CacheInterface_for_AXI.Cache_Interface_I1/Using_AXI.r_read_fifo_addr[0]_i_1_n_0                             | design_1_i/microblaze_0/U0/MicroBlaze_Core_I/sync_reset                                                                                                           |                2 |              4 |
|  design_1_i/clk_wiz_1/inst/clk_out1                            | design_1_i/microblaze_0/U0/MicroBlaze_Core_I/Performance.Core/Using_DCache.Using_WriteThrough.DCache_I1/Using_New_CacheInterface_for_AXI.Cache_Interface_I1/Using_AXI.Use_AXI_Write.exist_bit_FDRE/E[0]                       | design_1_i/microblaze_0/U0/MicroBlaze_Core_I/sync_reset                                                                                                           |                2 |              4 |
|  design_1_i/clk_wiz_1/inst/clk_out1                            | design_1_i/microblaze_0/U0/MicroBlaze_Core_I/Performance.Core/Using_DCache.Using_WriteThrough.DCache_I1/Using_New_CacheInterface_for_AXI.Cache_Interface_I1/Using_AXI.Use_Read_Data_Active.read_data_counter[0]_i_1__0_n_0    | design_1_i/microblaze_0/U0/MicroBlaze_Core_I/sync_reset                                                                                                           |                2 |              4 |
|  design_1_i/mdm_1/U0/Use_E2.BSCAN_I/Dbg_Update_0               | design_1_i/microblaze_0/U0/MicroBlaze_Core_I/Performance.Core/Use_Debug_Logic.Master_Core.Debug_Perf/Control_Reg_En                                                                                                           |                                                                                                                                                                   |                2 |              4 |
| ~design_1_i/mdm_1/U0/Use_E2.BSCAN_I/Dbg_Update_0               |                                                                                                                                                                                                                               | design_1_i/mdm_1/U0/Use_E2.BSCAN_I/AR[0]                                                                                                                          |                1 |              4 |
|  design_1_i/clk_wiz_1/inst/clk_out1                            |                                                                                                                                                                                                                               | design_1_i/axi_gpio_0/U0/AXI_LITE_IPIF_I/I_SLAVE_ATTACHMENT/clear                                                                                                 |                1 |              4 |
|  design_1_i/clk_wiz_1/inst/clk_out1                            |                                                                                                                                                                                                                               | design_1_i/microblaze_0_axi_periph/xbar/inst/gen_sasd.crossbar_sasd_0/addr_arbiter_inst/s_arvalid_reg                                                             |                1 |              4 |
|  design_1_i/clk_wiz_1/inst/clk_out1                            | design_1_i/microblaze_0/U0/MicroBlaze_Core_I/Performance.Core/Using_ICache.ICache_I1/Cache_Interface_I1/read_victim_valid_reg                                                                                                 | design_1_i/microblaze_0/U0/MicroBlaze_Core_I/sync_reset                                                                                                           |                2 |              4 |
|  design_1_i/clk_wiz_1/inst/clk_out1                            |                                                                                                                                                                                                                               | design_1_i/microblaze_0_axi_periph/s01_couplers/auto_pc/inst/gen_axilite.gen_b2s_conv.axilite_b2s/SI_REG/ar.ar_pipe/aresetn_d_reg[1]_inv_0                        |                2 |              4 |
|  design_1_i/clk_wiz_1/inst/clk_out1                            |                                                                                                                                                                                                                               | design_1_i/microblaze_0_axi_periph/s01_couplers/auto_pc/inst/gen_axilite.gen_b2s_conv.axilite_b2s/SI_REG/aw.aw_pipe/aresetn_d_reg[0]_0                            |                1 |              4 |
|  design_1_i/clk_wiz_1/inst/clk_out1                            | design_1_i/microblaze_0/U0/MicroBlaze_Core_I/Performance.Core/Using_ICache.ICache_I1/Cache_Interface_I1/Using_AXI.r_read_fifo_addr[0]_i_1__0_n_0                                                                              | design_1_i/microblaze_0/U0/MicroBlaze_Core_I/sync_reset                                                                                                           |                2 |              4 |
|  design_1_i/clk_wiz_1/inst/clk_out1                            | design_1_i/axi_gpio_0/U0/AXI_LITE_IPIF_I/I_SLAVE_ATTACHMENT/bus2ip_addr_i[8]_i_1_n_0                                                                                                                                          | design_1_i/axi_gpio_0/U0/AXI_LITE_IPIF_I/I_SLAVE_ATTACHMENT/SR[0]                                                                                                 |                1 |              4 |
|  design_1_i/clk_wiz_1/inst/clk_out1                            | design_1_i/axi_gpio_0/U0/AXI_LITE_IPIF_I/I_SLAVE_ATTACHMENT/start2                                                                                                                                                            | design_1_i/axi_gpio_0/U0/AXI_LITE_IPIF_I/I_SLAVE_ATTACHMENT/I_DECODER/cs_ce_clr                                                                                   |                2 |              4 |
|  design_1_i/clk_wiz_1/inst/clk_out1                            | design_1_i/microblaze_0_axi_periph/xbar/inst/gen_sasd.crossbar_sasd_0/addr_arbiter_inst/any_grant                                                                                                                             | design_1_i/microblaze_0_axi_periph/xbar/inst/gen_sasd.crossbar_sasd_0/addr_arbiter_inst/SR[0]                                                                     |                2 |              5 |
|  design_1_i/clk_wiz_1/inst/clk_out1                            | design_1_i/microblaze_0_axi_periph/s01_couplers/auto_pc/inst/gen_axilite.gen_b2s_conv.axilite_b2s/RD.r_channel_0/transaction_fifo_0/E[0]                                                                                      | design_1_i/microblaze_0_axi_periph/s01_couplers/auto_pc/inst/gen_axilite.gen_b2s_conv.axilite_b2s/areset_d1                                                       |                2 |              5 |
|  design_1_i/clk_wiz_1/inst/clk_out1                            | design_1_i/microblaze_0/U0/MicroBlaze_Core_I/Performance.Core/Decode_I/wb_Halted                                                                                                                                              | design_1_i/microblaze_0/U0/MicroBlaze_Core_I/sync_reset                                                                                                           |                1 |              5 |
|  design_1_i/clk_wiz_1/inst/clk_out1                            | design_1_i/microblaze_0_axi_periph/s02_couplers/auto_pc/inst/gen_axilite.gen_b2s_conv.axilite_b2s/RD.r_channel_0/transaction_fifo_0/cnt_read[4]_i_1__0_n_0                                                                    | design_1_i/microblaze_0_axi_periph/s02_couplers/auto_pc/inst/gen_axilite.gen_b2s_conv.axilite_b2s/areset_d1                                                       |                2 |              5 |
|  design_1_i/clk_wiz_1/inst/clk_out1                            | design_1_i/microblaze_0_axi_periph/s02_couplers/auto_pc/inst/gen_axilite.gen_b2s_conv.axilite_b2s/RD.r_channel_0/rd_data_fifo_0/cnt_read[4]_i_1_n_0                                                                           | design_1_i/microblaze_0_axi_periph/s02_couplers/auto_pc/inst/gen_axilite.gen_b2s_conv.axilite_b2s/areset_d1                                                       |                2 |              5 |
|  design_1_i/clk_wiz_1/inst/clk_out1                            | design_1_i/microblaze_0/U0/MicroBlaze_Core_I/Performance.Core/Decode_I/WB_PipeRun                                                                                                                                             | design_1_i/microblaze_0/U0/MicroBlaze_Core_I/sync_reset                                                                                                           |                1 |              5 |
|  design_1_i/clk_wiz_1/inst/clk_out1                            |                                                                                                                                                                                                                               | design_1_i/rst_clk_wiz_1_100M/U0/EXT_LPF/lpf_int                                                                                                                  |                2 |              5 |
|  design_1_i/clk_wiz_1/inst/clk_out1                            | design_1_i/microblaze_0_axi_periph/s01_couplers/auto_pc/inst/gen_axilite.gen_b2s_conv.axilite_b2s/RD.r_channel_0/transaction_fifo_0/cnt_read[4]_i_1__0_n_0                                                                    | design_1_i/microblaze_0_axi_periph/s01_couplers/auto_pc/inst/gen_axilite.gen_b2s_conv.axilite_b2s/areset_d1                                                       |                3 |              5 |
|  design_1_i/mdm_1/U0/No_Dbg_Reg_Access.BUFG_DRCK/Ext_JTAG_DRCK | design_1_i/mdm_1/U0/Use_E2.BSCAN_I/Use_BSCAN.command_reg[5][0]                                                                                                                                                                |                                                                                                                                                                   |                2 |              6 |
|  design_1_i/mdm_1/U0/No_Dbg_Reg_Access.BUFG_DRCK/Ext_JTAG_DRCK | design_1_i/mdm_1/U0/MDM_Core_I1/JTAG_CONTROL_I/Use_BSCAN.FDC_I/Use_BSCAN.command_reg[5][0]                                                                                                                                    |                                                                                                                                                                   |                2 |              6 |
|  design_1_i/clk_wiz_1/inst/clk_out1                            | design_1_i/microblaze_0/U0/MicroBlaze_Core_I/Performance.Core/Using_DCache.Using_WriteThrough.DCache_I1/Using_New_CacheInterface_for_AXI.Cache_Interface_I1/Read_Req_Granted                                                  |                                                                                                                                                                   |                2 |              6 |
|  design_1_i/mdm_1/U0/No_Dbg_Reg_Access.BUFG_DRCK/Ext_JTAG_DRCK | design_1_i/mdm_1/U0/Use_E2.BSCAN_I/E[0]                                                                                                                                                                                       |                                                                                                                                                                   |                2 |              6 |
|  design_1_i/clk_wiz_1/inst/clk_out1                            | design_1_i/rst_clk_wiz_1_100M/U0/SEQ/seq_cnt_en                                                                                                                                                                               | design_1_i/rst_clk_wiz_1_100M/U0/SEQ/SEQ_COUNTER/clear                                                                                                            |                1 |              6 |
|  design_1_i/clk_wiz_1/inst/clk_out1                            | design_1_i/microblaze_0/U0/MicroBlaze_Core_I/Performance.Core/Using_DCache.Using_WriteThrough.DCache_I1/Using_New_CacheInterface_for_AXI.Cache_Interface_I1/last_outstanding_write                                            | design_1_i/microblaze_0/U0/MicroBlaze_Core_I/sync_reset                                                                                                           |                2 |              6 |
|  design_1_i/clk_wiz_1/inst/clk_out1                            | design_1_i/microblaze_0/U0/MicroBlaze_Core_I/Performance.Core/Using_ICache.ICache_I1/Cache_Interface_I1/read_req_granted                                                                                                      |                                                                                                                                                                   |                2 |              7 |
| ~design_1_i/mdm_1/U0/Use_E2.BSCAN_I/Dbg_Update_0               | design_1_i/mdm_1/U0/MDM_Core_I1/JTAG_CONTROL_I/Use_BSCAN.command[0]_i_1_n_0                                                                                                                                                   |                                                                                                                                                                   |                3 |              8 |
|  design_1_i/mdm_1/U0/No_Dbg_Reg_Access.BUFG_DRCK/Ext_JTAG_DRCK | design_1_i/mdm_1/U0/MDM_Core_I1/JTAG_CONTROL_I/tdi_shifter0                                                                                                                                                                   |                                                                                                                                                                   |                2 |              8 |
|  design_1_i/clk_wiz_1/inst/clk_out1                            | design_1_i/microblaze_0_axi_periph/s01_couplers/auto_pc/inst/gen_axilite.gen_b2s_conv.axilite_b2s/WR.b_channel_0/mhandshake_r                                                                                                 | design_1_i/microblaze_0_axi_periph/s01_couplers/auto_pc/inst/gen_axilite.gen_b2s_conv.axilite_b2s/WR.b_channel_0/bid_fifo_0/SR[0]                                 |                3 |              8 |
|  design_1_i/clk_wiz_1/inst/clk_out1                            |                                                                                                                                                                                                                               | design_1_i/axi_gpio_0/U0/gpio_core_1/Read_Reg_Rst__0                                                                                                              |                1 |              8 |
|  design_1_i/clk_wiz_1/inst/clk_out1                            | design_1_i/microblaze_0/U0/MicroBlaze_Core_I/Performance.Core/Using_ICache.ICache_I1/Cache_Interface_I1/p_2_out                                                                                                               | design_1_i/microblaze_0/U0/MicroBlaze_Core_I/sync_reset                                                                                                           |                3 |              8 |
|  design_1_i/mdm_1/U0/No_Dbg_Reg_Access.BUFG_DRCK/Ext_JTAG_DRCK | design_1_i/microblaze_0/U0/MicroBlaze_Core_I/Performance.Core/Use_Debug_Logic.Master_Core.Debug_Perf/Using_PC_Breakpoints.All_PC_Brks[0].Serial_Interface_1.address_hit_I/Compare[0].SRLC16E_I/which_pc__0                    |                                                                                                                                                                   |                7 |              8 |
|  design_1_i/mdm_1/U0/Use_E2.BSCAN_I/Dbg_Update_0               | design_1_i/mdm_1/U0/MDM_Core_I1/JTAG_CONTROL_I/Use_BSCAN.FDC_I/Use_BSCAN.PORT_Selector_reg[2][0]                                                                                                                              |                                                                                                                                                                   |                1 |              8 |
|  design_1_i/clk_wiz_1/inst/clk_out1                            |                                                                                                                                                                                                                               | design_1_i/microblaze_0_axi_periph/xbar/inst/gen_sasd.crossbar_sasd_0/addr_arbiter_inst/SR[0]                                                                     |                5 |              9 |
|  design_1_i/clk_wiz_1/inst/clk_out1                            | design_1_i/axi_gpio_0/U0/AXI_LITE_IPIF_I/I_SLAVE_ATTACHMENT/s_axi_rresp_i                                                                                                                                                     | design_1_i/axi_gpio_0/U0/AXI_LITE_IPIF_I/I_SLAVE_ATTACHMENT/SR[0]                                                                                                 |                3 |              9 |
|  design_1_i/clk_wiz_1/inst/clk_out1                            | design_1_i/microblaze_0_axi_periph/s01_couplers/auto_pc/inst/gen_axilite.gen_b2s_conv.axilite_b2s/WR.aw_channel_0/aw_cmd_fsm_0/m_valid_i_reg[0]                                                                               |                                                                                                                                                                   |                6 |              9 |
|  design_1_i/clk_wiz_1/inst/clk_out1                            | design_1_i/microblaze_0_axi_periph/s01_couplers/auto_pc/inst/gen_axilite.gen_b2s_conv.axilite_b2s/RD.ar_channel_0/ar_cmd_fsm_0/FSM_sequential_state_reg[1]_0[0]                                                               |                                                                                                                                                                   |                4 |             10 |
|  design_1_i/mdm_1/U0/No_Dbg_Reg_Access.BUFG_DRCK/Ext_JTAG_DRCK | design_1_i/mdm_1/U0/MDM_Core_I1/JTAG_CONTROL_I/Use_BSCAN.FDC_I/E[0]                                                                                                                                                           |                                                                                                                                                                   |                4 |             10 |
|  design_1_i/clk_wiz_1/inst/clk_out1                            |                                                                                                                                                                                                                               | design_1_i/microblaze_0_axi_periph/s01_couplers/auto_pc/inst/gen_axilite.gen_b2s_conv.axilite_b2s/areset_d1                                                       |                5 |             10 |
|  design_1_i/clk_wiz_1/inst/clk_out1                            | design_1_i/microblaze_0_axi_periph/s02_couplers/auto_pc/inst/gen_axilite.gen_b2s_conv.axilite_b2s/RD.ar_channel_0/ar_cmd_fsm_0/FSM_sequential_state_reg[1]_1[0]                                                               |                                                                                                                                                                   |                6 |             10 |
|  design_1_i/clk_wiz_1/inst/clk_out1                            | design_1_i/microblaze_0_axi_periph/s01_couplers/auto_pc/inst/gen_axilite.gen_b2s_conv.axilite_b2s/WR.aw_channel_0/cmd_translator_0/incr_cmd_0/axaddr_incr[11]_i_1_n_0                                                         |                                                                                                                                                                   |                3 |             12 |
|  design_1_i/clk_wiz_1/inst/clk_out1                            | design_1_i/microblaze_0/U0/MicroBlaze_Core_I/Performance.Core/Decode_I/PreFetch_Buffer_I1/OF_Valid_DFF/E[0]                                                                                                                   | design_1_i/microblaze_0/U0/MicroBlaze_Core_I/sync_reset                                                                                                           |                7 |             16 |
|  design_1_i/clk_wiz_1/inst/clk_out1                            | design_1_i/microblaze_0/U0/MicroBlaze_Core_I/Performance.Core/Using_ICache.ICache_I1/Cache_Interface_I1/read_victim_valid_reg                                                                                                 | design_1_i/microblaze_0/U0/MicroBlaze_Core_I/Performance.Core/Using_ICache.ICache_I1/Cache_Interface_I1/update_idle                                               |                8 |             16 |
|  design_1_i/clk_wiz_1/inst/clk_out1                            | design_1_i/axi_gpio_0/U0/AXI_LITE_IPIF_I/I_SLAVE_ATTACHMENT/I_DECODER/E[0]                                                                                                                                                    | design_1_i/axi_gpio_0/U0/AXI_LITE_IPIF_I/I_SLAVE_ATTACHMENT/SR[0]                                                                                                 |                2 |             16 |
|  design_1_i/clk_wiz_1/inst/clk_out1                            | design_1_i/microblaze_0/U0/MicroBlaze_Core_I/Performance.Core/Using_DCache.Using_WriteThrough.DCache_I1/Using_New_CacheInterface_for_AXI.Cache_Interface_I1/incoming_data_valid                                               | design_1_i/microblaze_0/U0/MicroBlaze_Core_I/Performance.Core/Using_DCache.Using_WriteThrough.DCache_I1/Using_New_CacheInterface_for_AXI.Cache_Interface_I1/SR[0] |                5 |             16 |
|  design_1_i/clk_wiz_1/inst/clk_out1                            | design_1_i/microblaze_0/U0/MicroBlaze_Core_I/Performance.Core/Using_DCache.Using_WriteThrough.DCache_I1/Using_New_CacheInterface_for_AXI.Cache_Interface_I1/Using_AXI.Use_AXI_Write.Addr_bit[3].Addr_bit_LUT/Write_Data_Valid |                                                                                                                                                                   |                2 |             16 |
|  design_1_i/clk_wiz_1/inst/clk_out1                            | design_1_i/microblaze_0_axi_periph/xbar/inst/gen_sasd.crossbar_sasd_0/addr_arbiter_inst/p_0_in                                                                                                                                | design_1_i/microblaze_0_axi_periph/xbar/inst/gen_sasd.crossbar_sasd_0/addr_arbiter_inst/SR[0]                                                                     |                9 |             19 |
|  design_1_i/clk_wiz_1/inst/clk_out1                            | design_1_i/microblaze_0/U0/MicroBlaze_Core_I/Performance.Core/Decode_I/mem_wait_on_ready_N_carry_or/MUXCY_I/lopt_1                                                                                                            | design_1_i/microblaze_0/U0/MicroBlaze_Core_I/sync_reset                                                                                                           |               10 |             20 |
|  design_1_i/mdm_1/U0/No_Dbg_Reg_Access.BUFG_DRCK/Ext_JTAG_DRCK |                                                                                                                                                                                                                               | design_1_i/mdm_1/U0/Use_E2.BSCAN_I/shift_n_reset1_out                                                                                                             |                5 |             23 |
|  design_1_i/clk_wiz_1/inst/clk_out1                            | design_1_i/microblaze_0/U0/MicroBlaze_Core_I/Performance.Core/Using_DCache.Using_WriteThrough.DCache_I1/Using_New_CacheInterface_for_AXI.Cache_Interface_I1/SR[0]                                                             | design_1_i/microblaze_0/U0/MicroBlaze_Core_I/sync_reset                                                                                                           |                7 |             24 |
|  design_1_i/clk_wiz_1/inst/clk_out1                            | design_1_i/microblaze_0/U0/MicroBlaze_Core_I/Performance.Core/Using_ICache.ICache_I1/Using_FPGA_FSL_1.tag_hit_comparator/Comp_Carry_Chain[4].MUXCY_I/valid_addr_strobe_q_reg[0]                                               | design_1_i/microblaze_0/U0/MicroBlaze_Core_I/sync_reset                                                                                                           |                3 |             24 |
|  design_1_i/clk_wiz_1/inst/clk_out1                            | design_1_i/microblaze_0/U0/MicroBlaze_Core_I/Performance.Core/Using_DCache.Using_WriteThrough.DCache_I1/Using_Latch_AS_Logic_1.AND2B1L_I1/E[0]                                                                                | design_1_i/microblaze_0/U0/MicroBlaze_Core_I/sync_reset                                                                                                           |                5 |             24 |
|  design_1_i/clk_wiz_1/inst/clk_out1                            | design_1_i/microblaze_0/U0/MicroBlaze_Core_I/Performance.Core/Using_ICache.ICache_I1/Cache_Interface_I1/update_idle                                                                                                           |                                                                                                                                                                   |                5 |             24 |
|  design_1_i/clk_wiz_1/inst/clk_out1                            |                                                                                                                                                                                                                               | design_1_i/axi_gpio_0/U0/AXI_LITE_IPIF_I/I_SLAVE_ATTACHMENT/SR[0]                                                                                                 |                7 |             24 |
|  design_1_i/clk_wiz_1/inst/clk_out1                            | design_1_i/microblaze_0_axi_periph/s02_couplers/auto_pc/inst/gen_axilite.gen_b2s_conv.axilite_b2s/RD.ar_channel_0/ar_cmd_fsm_0/E[0]                                                                                           |                                                                                                                                                                   |                8 |             24 |
|  design_1_i/clk_wiz_1/inst/clk_out1                            | design_1_i/microblaze_0_axi_periph/s01_couplers/auto_pc/inst/gen_axilite.gen_b2s_conv.axilite_b2s/RD.ar_channel_0/ar_cmd_fsm_0/E[0]                                                                                           |                                                                                                                                                                   |                9 |             26 |
|  design_1_i/clk_wiz_1/inst/clk_out1                            | design_1_i/microblaze_0/U0/MicroBlaze_Core_I/Performance.Core/Using_ICache.ICache_I1/Cache_Interface_I1/Read_Req                                                                                                              | design_1_i/microblaze_0/U0/MicroBlaze_Core_I/sync_reset                                                                                                           |                6 |             27 |
|  design_1_i/clk_wiz_1/inst/clk_out1                            | design_1_i/microblaze_0/U0/MicroBlaze_Core_I/Performance.Core/Using_DCache.Using_WriteThrough.DCache_I1/mem_read_cache_miss_sel_carry_and/MUXCY_I/E[0]                                                                        | design_1_i/microblaze_0/U0/MicroBlaze_Core_I/sync_reset                                                                                                           |                7 |             27 |
|  design_1_i/clk_wiz_1/inst/clk_out1                            | design_1_i/microblaze_0/U0/MicroBlaze_Core_I/Performance.Core/Using_DCache.Using_WriteThrough.DCache_I1/Using_New_CacheInterface_for_AXI.Cache_Interface_I1/write_req_granted                                                 |                                                                                                                                                                   |                4 |             28 |
|  design_1_i/clk_wiz_1/inst/clk_out1                            | design_1_i/microblaze_0/U0/MicroBlaze_Core_I/Performance.Core/Decode_I/Using_ICache_Carry_Chain.ib_addr_strobe_ii_carry_and/MUXCY_I/lopt_1                                                                                    |                                                                                                                                                                   |                9 |             30 |
|  design_1_i/clk_wiz_1/inst/clk_out1                            | design_1_i/microblaze_0_axi_periph/s01_couplers/auto_pc/inst/gen_axilite.gen_b2s_conv.axilite_b2s/WR.aw_channel_0/aw_cmd_fsm_0/m_valid_i_reg_0[0]                                                                             |                                                                                                                                                                   |                6 |             30 |
|  design_1_i/clk_wiz_1/inst/clk_out1                            | design_1_i/microblaze_0_axi_periph/s01_couplers/auto_pc/inst/gen_axilite.gen_b2s_conv.axilite_b2s/SI_REG/aw.aw_pipe/s_ready_i_reg_0                                                                                           |                                                                                                                                                                   |                5 |             30 |
|  design_1_i/clk_wiz_1/inst/clk_out1                            | design_1_i/microblaze_0/U0/MicroBlaze_Core_I/Performance.Core/Decode_I/Use_MuxCy[3].OF_Piperun_Stage/MUXCY_I/Using_FPGA.Native_0                                                                                              | design_1_i/microblaze_0/U0/MicroBlaze_Core_I/Performance.Core/Decode_I/R                                                                                          |                7 |             32 |
|  design_1_i/clk_wiz_1/inst/clk_out1                            | design_1_i/microblaze_0/U0/MicroBlaze_Core_I/Performance.Core/Use_Debug_Logic.Master_Core.Debug_Perf/data_rd_reg[0]_i_1_n_0                                                                                                   | design_1_i/microblaze_0/U0/MicroBlaze_Core_I/sync_reset                                                                                                           |               15 |             32 |
|  design_1_i/clk_wiz_1/inst/clk_out1                            |                                                                                                                                                                                                                               | design_1_i/microblaze_0/U0/MicroBlaze_Core_I/p_1_out                                                                                                              |               12 |             32 |
|  design_1_i/clk_wiz_1/inst/clk_out1                            | design_1_i/microblaze_0/U0/MicroBlaze_Core_I/Performance.Core/Using_ICache.ICache_I1/Cache_Interface_I1/E[0]                                                                                                                  | design_1_i/microblaze_0/U0/MicroBlaze_Core_I/sync_reset                                                                                                           |               16 |             32 |
|  design_1_i/clk_wiz_1/inst/clk_out1                            | design_1_i/microblaze_0_axi_periph/s01_couplers/auto_pc/inst/gen_axilite.gen_b2s_conv.axilite_b2s/RD.r_channel_0/rd_data_fifo_0/wr_en0                                                                                        |                                                                                                                                                                   |                9 |             32 |
|  design_1_i/clk_wiz_1/inst/clk_out1                            | design_1_i/microblaze_0_axi_periph/s01_couplers/auto_pc/inst/gen_axilite.gen_b2s_conv.axilite_b2s/SI_REG/ar.ar_pipe/s_ready_i_reg_0                                                                                           |                                                                                                                                                                   |                7 |             32 |
|  design_1_i/clk_wiz_1/inst/clk_out1                            | design_1_i/microblaze_0_axi_periph/s01_couplers/auto_pc/inst/gen_axilite.gen_b2s_conv.axilite_b2s/RD.ar_channel_0/ar_cmd_fsm_0/FSM_sequential_state_reg[1]_1[0]                                                               |                                                                                                                                                                   |                8 |             32 |
|  design_1_i/mdm_1/U0/No_Dbg_Reg_Access.BUFG_DRCK/Ext_JTAG_DRCK | design_1_i/microblaze_0/U0/MicroBlaze_Core_I/Performance.Core/Use_Debug_Logic.Master_Core.Debug_Perf/New_Dbg_Instr_TCK                                                                                                        |                                                                                                                                                                   |               11 |             32 |
|  design_1_i/clk_wiz_1/inst/clk_out1                            | design_1_i/microblaze_0/U0/MicroBlaze_Core_I/Performance.Core/Decode_I/Use_MuxCy[3].OF_Piperun_Stage/MUXCY_I/E[0]                                                                                                             | design_1_i/microblaze_0/U0/MicroBlaze_Core_I/sync_reset                                                                                                           |                5 |             32 |
|  design_1_i/clk_wiz_1/inst/clk_out1                            | design_1_i/microblaze_0/U0/MicroBlaze_Core_I/Performance.Core/Decode_I/jump_logic_I1/MUXCY_JUMP_CARRY6/Using_FPGA.Native_0[0]                                                                                                 | design_1_i/microblaze_0/U0/MicroBlaze_Core_I/sync_reset                                                                                                           |               12 |             32 |
|  design_1_i/clk_wiz_1/inst/clk_out1                            | design_1_i/microblaze_0/U0/MicroBlaze_Core_I/Performance.Core/Decode_I/mem_wait_on_ready_N_carry_or/MUXCY_I/lopt_1                                                                                                            |                                                                                                                                                                   |                5 |             32 |
|  design_1_i/clk_wiz_1/inst/clk_out1                            | design_1_i/microblaze_0_axi_periph/s02_couplers/auto_pc/inst/gen_axilite.gen_b2s_conv.axilite_b2s/RD.r_channel_0/rd_data_fifo_0/wr_en0                                                                                        |                                                                                                                                                                   |               10 |             32 |
|  design_1_i/clk_wiz_1/inst/clk_out1                            | design_1_i/microblaze_0/U0/MicroBlaze_Core_I/Performance.Core/Decode_I/mem_wait_on_ready_N_carry_or/MUXCY_I/lopt_1                                                                                                            | design_1_i/microblaze_0/U0/MicroBlaze_Core_I/Performance.Core/Decode_I/SR[0]                                                                                      |                8 |             32 |
|  design_1_i/clk_wiz_1/inst/clk_out1                            | design_1_i/microblaze_0_axi_periph/s02_couplers/auto_pc/inst/gen_axilite.gen_b2s_conv.axilite_b2s/SI_REG/ar.ar_pipe/s_ready_i_reg_0                                                                                           |                                                                                                                                                                   |                5 |             32 |
|  design_1_i/clk_wiz_1/inst/clk_out1                            | design_1_i/microblaze_0_axi_periph/xbar/inst/gen_sasd.crossbar_sasd_0/reg_slice_r/s_axi_rvalid[0]                                                                                                                             | design_1_i/microblaze_0/U0/MicroBlaze_Core_I/sync_reset                                                                                                           |               12 |             32 |
|  design_1_i/clk_wiz_1/inst/clk_out1                            | design_1_i/microblaze_0_axi_periph/xbar/inst/gen_sasd.crossbar_sasd_0/reg_slice_r/aa_rready                                                                                                                                   | design_1_i/microblaze_0_axi_periph/xbar/inst/gen_sasd.crossbar_sasd_0/reg_slice_r/skid_buffer[32]_i_1_n_0                                                         |                9 |             32 |
|  design_1_i/clk_wiz_1/inst/clk_out1                            | design_1_i/microblaze_0_axi_periph/s02_couplers/auto_pc/inst/gen_axilite.gen_b2s_conv.axilite_b2s/RD.ar_channel_0/ar_cmd_fsm_0/m_valid_i_reg_0[0]                                                                             |                                                                                                                                                                   |                5 |             32 |
|  design_1_i/clk_wiz_1/inst/clk_out1                            | design_1_i/microblaze_0_axi_periph/s02_couplers/auto_pc/inst/gen_axilite.gen_b2s_conv.axilite_b2s/SI_REG/r.r_pipe/s_ready_i_reg_0                                                                                             |                                                                                                                                                                   |               10 |             33 |
|  design_1_i/clk_wiz_1/inst/clk_out1                            | design_1_i/microblaze_0_axi_periph/s02_couplers/auto_pc/inst/gen_axilite.gen_b2s_conv.axilite_b2s/SI_REG/r.r_pipe/p_1_in                                                                                                      |                                                                                                                                                                   |               11 |             33 |
|  design_1_i/clk_wiz_1/inst/clk_out1                            | design_1_i/microblaze_0_axi_periph/s01_couplers/auto_pc/inst/gen_axilite.gen_b2s_conv.axilite_b2s/SI_REG/r.r_pipe/s_ready_i_reg_0                                                                                             |                                                                                                                                                                   |               10 |             33 |
|  design_1_i/clk_wiz_1/inst/clk_out1                            | design_1_i/microblaze_0_axi_periph/xbar/inst/gen_sasd.crossbar_sasd_0/reg_slice_r/p_1_in                                                                                                                                      |                                                                                                                                                                   |                9 |             33 |
|  design_1_i/mdm_1/U0/No_Dbg_Reg_Access.BUFG_DRCK/Ext_JTAG_DRCK | design_1_i/mdm_1/U0/Use_E2.BSCAN_I/Use_BSCAN.PORT_Selector_reg[0]                                                                                                                                                             |                                                                                                                                                                   |               12 |             47 |
|  design_1_i/clk_wiz_1/inst/clk_out1                            | design_1_i/microblaze_0/U0/MicroBlaze_Core_I/Performance.Core/Using_DCache.Using_WriteThrough.DCache_I1/Using_New_CacheInterface_for_AXI.Cache_Interface_I1/incoming_data_valid                                               |                                                                                                                                                                   |                8 |             64 |
|  design_1_i/clk_wiz_1/inst/clk_out1                            | design_1_i/microblaze_0/U0/MicroBlaze_Core_I/Performance.Core/Decode_I/Using_ICache_Carry_Chain.Using_Latch_AS_Logic.AND2B1L_I1/if_ready                                                                                      |                                                                                                                                                                   |               12 |             75 |
|  design_1_i/mdm_1/U0/No_Dbg_Reg_Access.BUFG_DRCK/Ext_JTAG_DRCK |                                                                                                                                                                                                                               |                                                                                                                                                                   |               26 |             80 |
|  design_1_i/clk_wiz_1/inst/clk_out1                            | design_1_i/microblaze_0/U0/MicroBlaze_Core_I/Performance.Core/Decode_I/Use_MuxCy[3].OF_Piperun_Stage/MUXCY_I/Using_FPGA.Native_0                                                                                              | design_1_i/microblaze_0/U0/MicroBlaze_Core_I/sync_reset                                                                                                           |               34 |             93 |
|  design_1_i/clk_wiz_1/inst/clk_out1                            | design_1_i/microblaze_0/U0/MicroBlaze_Core_I/Performance.Core/Decode_I/D[34]                                                                                                                                                  |                                                                                                                                                                   |               16 |            128 |
|  design_1_i/clk_wiz_1/inst/clk_out1                            |                                                                                                                                                                                                                               |                                                                                                                                                                   |               86 |            205 |
|  design_1_i/clk_wiz_1/inst/clk_out1                            | design_1_i/microblaze_0/U0/MicroBlaze_Core_I/Performance.Core/Decode_I/Use_MuxCy[11].OF_Piperun_Stage/MUXCY_I/of_pause_reg                                                                                                    | design_1_i/microblaze_0/U0/MicroBlaze_Core_I/sync_reset                                                                                                           |               77 |            218 |
|  design_1_i/clk_wiz_1/inst/clk_out1                            |                                                                                                                                                                                                                               | design_1_i/microblaze_0/U0/MicroBlaze_Core_I/sync_reset                                                                                                           |              131 |            265 |
+----------------------------------------------------------------+-------------------------------------------------------------------------------------------------------------------------------------------------------------------------------------------------------------------------------+-------------------------------------------------------------------------------------------------------------------------------------------------------------------+------------------+----------------+


